\BOOKMARK [0][-]{section*.2}{Declaration}{}% 1
\BOOKMARK [0][-]{section*.4}{Abstract}{}% 2
\BOOKMARK [0][-]{section*.6}{Abstract}{}% 3
\BOOKMARK [0][-]{chapter*.9}{Publications}{}% 4
\BOOKMARK [0][-]{section*.10}{List of Figures}{}% 5
\BOOKMARK [0][-]{section*.11}{List of Tables}{}% 6
\BOOKMARK [0][-]{chapter.1}{Introduction}{}% 7
\BOOKMARK [1][-]{subsection.1.0.1}{Research Question}{chapter.1}% 8
\BOOKMARK [2][-]{subsection.1.0.2}{Aim and Objectives of the Research}{subsection.1.0.1}% 9
\BOOKMARK [1][-]{section.1.1}{Background on the hepatitis B virus}{chapter.1}% 10
\BOOKMARK [1][-]{section.1.2}{Background on the hepatitis B virus Elimination}{chapter.1}% 11
\BOOKMARK [0][-]{chapter.2}{Literature Review}{}% 12
\BOOKMARK [1][-]{section.2.1}{Hepatitis B Mother-to-child Transmission}{chapter.2}% 13
\BOOKMARK [2][-]{subsection.2.1.1}{HBV Mother-to-Child Transmission Risk Factors}{section.2.1}% 14
\BOOKMARK [1][-]{section.2.2}{HBV Mother-to-child Transmission Interventions}{chapter.2}% 15
\BOOKMARK [2][-]{subsection.2.2.1}{Infant Vaccination}{section.2.2}% 16
\BOOKMARK [2][-]{subsection.2.2.2}{Treatment of Infected Mothers}{section.2.2}% 17
\BOOKMARK [0][-]{chapter.3}{Mathematical Model}{}% 18
\BOOKMARK [1][-]{subsection.3.0.1}{Mathematical Modeling}{chapter.3}% 19
\BOOKMARK [0][-]{table.caption.13}{Appendix}{}% 20
\BOOKMARK [0][-]{section*.15}{List of references}{}% 21
